<?xml version="1.0" encoding="UTF-8"?>
<testsuite name="tests.TestCheckFilterByTag" tests="2" skipped="0" failures="0" errors="0" timestamp="2020-08-16T14:00:14" hostname="DESKTOP-CMOEAIU" time="56.318">
  <properties/>
  <testcase name="checkTagNameInTitle" classname="tests.TestCheckFilterByTag" time="18.48"/>
  <testcase name="filterByTag" classname="tests.TestCheckFilterByTag" time="37.775"/>
  <system-out><![CDATA[https://demo.realworld.iois opened
The logo is present
The tag title: 'Gandhi' is checking now
The tag title: 'test' is checking now
The tag title: 'SIDA' is checking now
The tag title: 'HuManIty' is checking now
The tag title: 'butt' is checking now
The tag title: 'HITLER' is checking now
The tag title: 'BlackLivesMatter' is checking now
The tag title: 'dragons' is checking now
The tag: 'Gandhi' is checking now
The tag: 'test' is checking now
The tag: 'SIDA' is checking now
The tag: 'HuManIty' is checking now
The tag: 'butt' is checking now
The tag: 'HITLER' is checking now
The tag: 'BlackLivesMatter' is checking now
The tag: 'dragons' is checking now
]]></system-out>
  <system-err><![CDATA[Starting ChromeDriver 84.0.4147.30 (48b3e868b4cc0aa7e8149519690b6f6949e110a8-refs/branch-heads/4147@{#310}) on port 17823
Only local connections are allowed.
Please see https://chromedriver.chromium.org/security-considerations for suggestions on keeping ChromeDriver safe.
ChromeDriver was started successfully.
авг. 16, 2020 5:00:10 PM org.openqa.selenium.remote.ProtocolHandshake createSession
INFO: Detected dialect: W3C
]]></system-err>
</testsuite>
